2025-03-18 17:19:25,804 - custodian.huaweicloud.client - ERROR - No default region set. Specify a default via HUAWEI_DEFAULT_REGION
2025-03-18 17:19:25,807 - custodian.output - ERROR - Error while executing policy
Traceback (most recent call last):
  File "/home/cloud-custodian/c7n/policy.py", line 330, in run
    resources = self.policy.resource_manager.resources()
  File "/home/cloud-custodian/tools/c7n_huaweicloud/c7n_huaweicloud/query.py", line 124, in resources
    resources = self._fetch_resources(q)
  File "/home/cloud-custodian/tools/c7n_huaweicloud/c7n_huaweicloud/query.py", line 143, in _fetch_resources
    return self.augment(self.source.get_resources(query)) or []
  File "/home/cloud-custodian/tools/c7n_huaweicloud/c7n_huaweicloud/query.py", line 45, in get_resources
    return self.query.filter(self.manager, **query)
  File "/home/cloud-custodian/tools/c7n_huaweicloud/c7n_huaweicloud/query.py", line 22, in filter
    session = local_session(self.session_factory)
  File "/home/cloud-custodian/c7n/utils.py", line 334, in local_session
    s = factory()
  File "/home/cloud-custodian/tools/c7n_huaweicloud/c7n_huaweicloud/client.py", line 28, in __init__
    sys.exit(1)
SystemExit: 1
2025-03-18 17:20:36,765 - custodian.huaweicloud.client - ERROR - No access key id set. Specify a default via HUAWEI_ACCESS_KEY_ID
2025-03-18 17:20:36,766 - custodian.output - ERROR - Error while executing policy
Traceback (most recent call last):
  File "/home/cloud-custodian/c7n/policy.py", line 330, in run
    resources = self.policy.resource_manager.resources()
  File "/home/cloud-custodian/tools/c7n_huaweicloud/c7n_huaweicloud/query.py", line 124, in resources
    resources = self._fetch_resources(q)
  File "/home/cloud-custodian/tools/c7n_huaweicloud/c7n_huaweicloud/query.py", line 143, in _fetch_resources
    return self.augment(self.source.get_resources(query)) or []
  File "/home/cloud-custodian/tools/c7n_huaweicloud/c7n_huaweicloud/query.py", line 45, in get_resources
    return self.query.filter(self.manager, **query)
  File "/home/cloud-custodian/tools/c7n_huaweicloud/c7n_huaweicloud/query.py", line 22, in filter
    session = local_session(self.session_factory)
  File "/home/cloud-custodian/c7n/utils.py", line 334, in local_session
    s = factory()
  File "/home/cloud-custodian/tools/c7n_huaweicloud/c7n_huaweicloud/client.py", line 33, in __init__
    sys.exit(1)
SystemExit: 1
2025-03-18 17:21:55,493 - custodian.policy - INFO - policy:ims-share-image resource:huaweicloud.ims region: count:1 time:2.98
2025-03-18 17:21:57,393 - custodian.huaweicloud.actions.base - ERROR - Unable to submit action against the resource - 2d25ed0b-0392-4921-b457-d1451809a07c RequestId: 53964e9eca25a255225c589a39f0ad27, Reason: You cannot share an image with yourself.
Traceback (most recent call last):
  File "/home/cloud-custodian/.venv/lib/python3.8/site-packages/huaweicloudsdkcore/http/http_client.py", line 127, in response_hook
    resp.raise_for_status()
  File "/home/cloud-custodian/.venv/lib/python3.8/site-packages/requests/models.py", line 1024, in raise_for_status
    raise HTTPError(http_error_msg, response=self)
requests.exceptions.HTTPError: 400 Client Error:  for url: https://ims.cn-east-3.myhuaweicloud.com/v1/cloudimages/members

During handling of the above exception, another exception occurred:

Traceback (most recent call last):
  File "/home/cloud-custodian/tools/c7n_huaweicloud/c7n_huaweicloud/actions/base.py", line 33, in process
    self.perform_action(resource)
  File "/home/cloud-custodian/tools/c7n_huaweicloud/c7n_huaweicloud/resources/ims.py", line 78, in perform_action
    response = client.batch_add_members(request)
  File "/home/cloud-custodian/.venv/lib/python3.8/site-packages/huaweicloudsdkims/v2/ims_client.py", line 116, in batch_add_members
    return self._call_api(**http_info)
  File "/home/cloud-custodian/.venv/lib/python3.8/site-packages/huaweicloudsdkims/v2/ims_client.py", line 3045, in _call_api
    return self.do_http_request(**kwargs)
  File "/home/cloud-custodian/.venv/lib/python3.8/site-packages/huaweicloudsdkcore/client.py", line 480, in do_http_request
    response = self._do_http_request_sync(request)
  File "/home/cloud-custodian/.venv/lib/python3.8/site-packages/huaweicloudsdkcore/client.py", line 531, in _do_http_request_sync
    response = self._http_client.do_request_sync(request)
  File "/home/cloud-custodian/.venv/lib/python3.8/site-packages/huaweicloudsdkcore/http/http_client.py", line 100, in do_request_sync
    self.response_error_hook_factory()(response)
  File "/home/cloud-custodian/.venv/lib/python3.8/site-packages/huaweicloudsdkcore/http/http_client.py", line 129, in response_hook
    self._exception_handler.handle_exception(httpError.request, httpError.response)
  File "/home/cloud-custodian/.venv/lib/python3.8/site-packages/huaweicloudsdkcore/exceptions/exception_handler.py", line 75, in handle_exception
    raise exceptions.ClientRequestException(response.status_code, sdk_error) if response.status_code < 500 \
huaweicloudsdkcore.exceptions.exceptions.ClientRequestException: ClientRequestException - {status_code:400,request_id:53964e9eca25a255225c589a39f0ad27,error_code:IMG.0076,error_msg:You cannot share an image with yourself.,encoded_authorization_message:None }
2025-03-18 17:21:57,398 - custodian.policy - INFO - policy:ims-share-image action:setpermissions resources:0 execution_time:1.90
2025-03-18 19:43:53,768 - custodian.policy - INFO - policy:ims-share-image resource:huaweicloud.ims region: count:1 time:3.56
2025-03-18 19:43:54,849 - custodian.huaweicloud.actions.base - ERROR - Unable to submit action against the resource - 2d25ed0b-0392-4921-b457-d1451809a07c RequestId: d1b73efaa9b4615d6e7a268a182058f8, Reason: The request message format is invalid.
Traceback (most recent call last):
  File "/home/cloud-custodian/.venv/lib/python3.8/site-packages/huaweicloudsdkcore/http/http_client.py", line 127, in response_hook
    resp.raise_for_status()
  File "/home/cloud-custodian/.venv/lib/python3.8/site-packages/requests/models.py", line 1024, in raise_for_status
    raise HTTPError(http_error_msg, response=self)
requests.exceptions.HTTPError: 400 Client Error:  for url: https://ims.cn-east-3.myhuaweicloud.com/v1/cloudimages/members

During handling of the above exception, another exception occurred:

Traceback (most recent call last):
  File "/home/cloud-custodian/tools/c7n_huaweicloud/c7n_huaweicloud/actions/base.py", line 33, in process
    self.perform_action(resource)
  File "/home/cloud-custodian/tools/c7n_huaweicloud/c7n_huaweicloud/resources/ims.py", line 88, in perform_action
    response = client.batch_delete_members(request)
  File "/home/cloud-custodian/.venv/lib/python3.8/site-packages/huaweicloudsdkims/v2/ims_client.py", line 249, in batch_delete_members
    return self._call_api(**http_info)
  File "/home/cloud-custodian/.venv/lib/python3.8/site-packages/huaweicloudsdkims/v2/ims_client.py", line 3045, in _call_api
    return self.do_http_request(**kwargs)
  File "/home/cloud-custodian/.venv/lib/python3.8/site-packages/huaweicloudsdkcore/client.py", line 480, in do_http_request
    response = self._do_http_request_sync(request)
  File "/home/cloud-custodian/.venv/lib/python3.8/site-packages/huaweicloudsdkcore/client.py", line 531, in _do_http_request_sync
    response = self._http_client.do_request_sync(request)
  File "/home/cloud-custodian/.venv/lib/python3.8/site-packages/huaweicloudsdkcore/http/http_client.py", line 100, in do_request_sync
    self.response_error_hook_factory()(response)
  File "/home/cloud-custodian/.venv/lib/python3.8/site-packages/huaweicloudsdkcore/http/http_client.py", line 129, in response_hook
    self._exception_handler.handle_exception(httpError.request, httpError.response)
  File "/home/cloud-custodian/.venv/lib/python3.8/site-packages/huaweicloudsdkcore/exceptions/exception_handler.py", line 75, in handle_exception
    raise exceptions.ClientRequestException(response.status_code, sdk_error) if response.status_code < 500 \
huaweicloudsdkcore.exceptions.exceptions.ClientRequestException: ClientRequestException - {status_code:400,request_id:d1b73efaa9b4615d6e7a268a182058f8,error_code:IMG.0001,error_msg:The request message format is invalid.,encoded_authorization_message:None }
2025-03-18 19:43:54,854 - custodian.policy - INFO - policy:ims-share-image action:setpermissions resources:0 execution_time:1.08
2025-03-18 19:46:23,306 - custodian.policy - INFO - policy:ims-share-image resource:huaweicloud.ims region: count:1 time:0.01
2025-03-18 19:46:24,667 - custodian.huaweicloud.actions.base - ERROR - Unable to submit action against the resource - 2d25ed0b-0392-4921-b457-d1451809a07c RequestId: 7846c2c6ddd547fc9c07f679a5f5808f, Reason: The request message format is invalid.
Traceback (most recent call last):
  File "/home/cloud-custodian/.venv/lib/python3.8/site-packages/huaweicloudsdkcore/http/http_client.py", line 127, in response_hook
    resp.raise_for_status()
  File "/home/cloud-custodian/.venv/lib/python3.8/site-packages/requests/models.py", line 1024, in raise_for_status
    raise HTTPError(http_error_msg, response=self)
requests.exceptions.HTTPError: 400 Client Error:  for url: https://ims.cn-east-3.myhuaweicloud.com/v1/cloudimages/members

During handling of the above exception, another exception occurred:

Traceback (most recent call last):
  File "/home/cloud-custodian/tools/c7n_huaweicloud/c7n_huaweicloud/actions/base.py", line 33, in process
    self.perform_action(resource)
  File "/home/cloud-custodian/tools/c7n_huaweicloud/c7n_huaweicloud/resources/ims.py", line 89, in perform_action
    response = client.batch_delete_members(request)
  File "/home/cloud-custodian/.venv/lib/python3.8/site-packages/huaweicloudsdkims/v2/ims_client.py", line 249, in batch_delete_members
    return self._call_api(**http_info)
  File "/home/cloud-custodian/.venv/lib/python3.8/site-packages/huaweicloudsdkims/v2/ims_client.py", line 3045, in _call_api
    return self.do_http_request(**kwargs)
  File "/home/cloud-custodian/.venv/lib/python3.8/site-packages/huaweicloudsdkcore/client.py", line 480, in do_http_request
    response = self._do_http_request_sync(request)
  File "/home/cloud-custodian/.venv/lib/python3.8/site-packages/huaweicloudsdkcore/client.py", line 531, in _do_http_request_sync
    response = self._http_client.do_request_sync(request)
  File "/home/cloud-custodian/.venv/lib/python3.8/site-packages/huaweicloudsdkcore/http/http_client.py", line 100, in do_request_sync
    self.response_error_hook_factory()(response)
  File "/home/cloud-custodian/.venv/lib/python3.8/site-packages/huaweicloudsdkcore/http/http_client.py", line 129, in response_hook
    self._exception_handler.handle_exception(httpError.request, httpError.response)
  File "/home/cloud-custodian/.venv/lib/python3.8/site-packages/huaweicloudsdkcore/exceptions/exception_handler.py", line 75, in handle_exception
    raise exceptions.ClientRequestException(response.status_code, sdk_error) if response.status_code < 500 \
huaweicloudsdkcore.exceptions.exceptions.ClientRequestException: ClientRequestException - {status_code:400,request_id:7846c2c6ddd547fc9c07f679a5f5808f,error_code:IMG.0001,error_msg:The request message format is invalid.,encoded_authorization_message:None }
2025-03-18 19:46:24,673 - custodian.policy - INFO - policy:ims-share-image action:setpermissions resources:0 execution_time:1.37
2025-03-18 19:47:47,068 - custodian.policy - INFO - policy:ims-share-image resource:huaweicloud.ims region: count:1 time:0.01
2025-03-18 19:47:48,401 - custodian.huaweicloud.actions.base - ERROR - Unable to submit action against the resource - 2d25ed0b-0392-4921-b457-d1451809a07c RequestId: c612a7147208e18fade96fc2a2511cca, Reason: The request message format is invalid.
Traceback (most recent call last):
  File "/home/cloud-custodian/.venv/lib/python3.8/site-packages/huaweicloudsdkcore/http/http_client.py", line 127, in response_hook
    resp.raise_for_status()
  File "/home/cloud-custodian/.venv/lib/python3.8/site-packages/requests/models.py", line 1024, in raise_for_status
    raise HTTPError(http_error_msg, response=self)
requests.exceptions.HTTPError: 400 Client Error:  for url: https://ims.cn-east-3.myhuaweicloud.com/v1/cloudimages/members

During handling of the above exception, another exception occurred:

Traceback (most recent call last):
  File "/home/cloud-custodian/tools/c7n_huaweicloud/c7n_huaweicloud/actions/base.py", line 33, in process
    self.perform_action(resource)
  File "/home/cloud-custodian/tools/c7n_huaweicloud/c7n_huaweicloud/resources/ims.py", line 89, in perform_action
    response = client.batch_delete_members(request)
  File "/home/cloud-custodian/.venv/lib/python3.8/site-packages/huaweicloudsdkims/v2/ims_client.py", line 249, in batch_delete_members
    return self._call_api(**http_info)
  File "/home/cloud-custodian/.venv/lib/python3.8/site-packages/huaweicloudsdkims/v2/ims_client.py", line 3045, in _call_api
    return self.do_http_request(**kwargs)
  File "/home/cloud-custodian/.venv/lib/python3.8/site-packages/huaweicloudsdkcore/client.py", line 480, in do_http_request
    response = self._do_http_request_sync(request)
  File "/home/cloud-custodian/.venv/lib/python3.8/site-packages/huaweicloudsdkcore/client.py", line 531, in _do_http_request_sync
    response = self._http_client.do_request_sync(request)
  File "/home/cloud-custodian/.venv/lib/python3.8/site-packages/huaweicloudsdkcore/http/http_client.py", line 100, in do_request_sync
    self.response_error_hook_factory()(response)
  File "/home/cloud-custodian/.venv/lib/python3.8/site-packages/huaweicloudsdkcore/http/http_client.py", line 129, in response_hook
    self._exception_handler.handle_exception(httpError.request, httpError.response)
  File "/home/cloud-custodian/.venv/lib/python3.8/site-packages/huaweicloudsdkcore/exceptions/exception_handler.py", line 75, in handle_exception
    raise exceptions.ClientRequestException(response.status_code, sdk_error) if response.status_code < 500 \
huaweicloudsdkcore.exceptions.exceptions.ClientRequestException: ClientRequestException - {status_code:400,request_id:c612a7147208e18fade96fc2a2511cca,error_code:IMG.0001,error_msg:The request message format is invalid.,encoded_authorization_message:None }
2025-03-18 19:47:48,405 - custodian.policy - INFO - policy:ims-share-image action:setpermissions resources:0 execution_time:1.34
2025-03-18 19:51:40,486 - custodian.policy - INFO - policy:ims-share-image resource:huaweicloud.ims region: count:1 time:0.01
2025-03-18 19:51:41,700 - custodian.huaweicloud.actions.base - ERROR - Unable to submit action against the resource - 2d25ed0b-0392-4921-b457-d1451809a07c RequestId: 226fd347c36da66e8c96a7a3a39f7d7b, Reason: The request message format is invalid.
Traceback (most recent call last):
  File "/home/cloud-custodian/.venv/lib/python3.8/site-packages/huaweicloudsdkcore/http/http_client.py", line 127, in response_hook
    resp.raise_for_status()
  File "/home/cloud-custodian/.venv/lib/python3.8/site-packages/requests/models.py", line 1024, in raise_for_status
    raise HTTPError(http_error_msg, response=self)
requests.exceptions.HTTPError: 400 Client Error:  for url: https://ims.cn-east-3.myhuaweicloud.com/v1/cloudimages/members

During handling of the above exception, another exception occurred:

Traceback (most recent call last):
  File "/home/cloud-custodian/tools/c7n_huaweicloud/c7n_huaweicloud/actions/base.py", line 33, in process
    self.perform_action(resource)
  File "/home/cloud-custodian/tools/c7n_huaweicloud/c7n_huaweicloud/resources/ims.py", line 90, in perform_action
    response = client.batch_delete_members(request)
  File "/home/cloud-custodian/.venv/lib/python3.8/site-packages/huaweicloudsdkims/v2/ims_client.py", line 249, in batch_delete_members
    return self._call_api(**http_info)
  File "/home/cloud-custodian/.venv/lib/python3.8/site-packages/huaweicloudsdkims/v2/ims_client.py", line 3045, in _call_api
    return self.do_http_request(**kwargs)
  File "/home/cloud-custodian/.venv/lib/python3.8/site-packages/huaweicloudsdkcore/client.py", line 480, in do_http_request
    response = self._do_http_request_sync(request)
  File "/home/cloud-custodian/.venv/lib/python3.8/site-packages/huaweicloudsdkcore/client.py", line 531, in _do_http_request_sync
    response = self._http_client.do_request_sync(request)
  File "/home/cloud-custodian/.venv/lib/python3.8/site-packages/huaweicloudsdkcore/http/http_client.py", line 100, in do_request_sync
    self.response_error_hook_factory()(response)
  File "/home/cloud-custodian/.venv/lib/python3.8/site-packages/huaweicloudsdkcore/http/http_client.py", line 129, in response_hook
    self._exception_handler.handle_exception(httpError.request, httpError.response)
  File "/home/cloud-custodian/.venv/lib/python3.8/site-packages/huaweicloudsdkcore/exceptions/exception_handler.py", line 75, in handle_exception
    raise exceptions.ClientRequestException(response.status_code, sdk_error) if response.status_code < 500 \
huaweicloudsdkcore.exceptions.exceptions.ClientRequestException: ClientRequestException - {status_code:400,request_id:226fd347c36da66e8c96a7a3a39f7d7b,error_code:IMG.0001,error_msg:The request message format is invalid.,encoded_authorization_message:None }
2025-03-18 19:51:41,705 - custodian.policy - INFO - policy:ims-share-image action:setpermissions resources:0 execution_time:1.22
2025-03-18 19:52:43,501 - custodian.policy - INFO - policy:ims-share-image resource:huaweicloud.ims region: count:1 time:0.02
2025-03-18 19:52:44,772 - custodian.huaweicloud.actions.base - ERROR - Unable to submit action against the resource - 2d25ed0b-0392-4921-b457-d1451809a07c RequestId: 871c39268341015852ac1b9a53868e61, Reason: The request message format is invalid.
Traceback (most recent call last):
  File "/home/cloud-custodian/.venv/lib/python3.8/site-packages/huaweicloudsdkcore/http/http_client.py", line 127, in response_hook
    resp.raise_for_status()
  File "/home/cloud-custodian/.venv/lib/python3.8/site-packages/requests/models.py", line 1024, in raise_for_status
    raise HTTPError(http_error_msg, response=self)
requests.exceptions.HTTPError: 400 Client Error:  for url: https://ims.cn-east-3.myhuaweicloud.com/v1/cloudimages/members

During handling of the above exception, another exception occurred:

Traceback (most recent call last):
  File "/home/cloud-custodian/tools/c7n_huaweicloud/c7n_huaweicloud/actions/base.py", line 33, in process
    self.perform_action(resource)
  File "/home/cloud-custodian/tools/c7n_huaweicloud/c7n_huaweicloud/resources/ims.py", line 93, in perform_action
    response = client.batch_delete_members(request)
  File "/home/cloud-custodian/.venv/lib/python3.8/site-packages/huaweicloudsdkims/v2/ims_client.py", line 249, in batch_delete_members
    return self._call_api(**http_info)
  File "/home/cloud-custodian/.venv/lib/python3.8/site-packages/huaweicloudsdkims/v2/ims_client.py", line 3045, in _call_api
    return self.do_http_request(**kwargs)
  File "/home/cloud-custodian/.venv/lib/python3.8/site-packages/huaweicloudsdkcore/client.py", line 480, in do_http_request
    response = self._do_http_request_sync(request)
  File "/home/cloud-custodian/.venv/lib/python3.8/site-packages/huaweicloudsdkcore/client.py", line 531, in _do_http_request_sync
    response = self._http_client.do_request_sync(request)
  File "/home/cloud-custodian/.venv/lib/python3.8/site-packages/huaweicloudsdkcore/http/http_client.py", line 100, in do_request_sync
    self.response_error_hook_factory()(response)
  File "/home/cloud-custodian/.venv/lib/python3.8/site-packages/huaweicloudsdkcore/http/http_client.py", line 129, in response_hook
    self._exception_handler.handle_exception(httpError.request, httpError.response)
  File "/home/cloud-custodian/.venv/lib/python3.8/site-packages/huaweicloudsdkcore/exceptions/exception_handler.py", line 75, in handle_exception
    raise exceptions.ClientRequestException(response.status_code, sdk_error) if response.status_code < 500 \
huaweicloudsdkcore.exceptions.exceptions.ClientRequestException: ClientRequestException - {status_code:400,request_id:871c39268341015852ac1b9a53868e61,error_code:IMG.0001,error_msg:The request message format is invalid.,encoded_authorization_message:None }
2025-03-18 19:52:44,776 - custodian.policy - INFO - policy:ims-share-image action:setpermissions resources:0 execution_time:1.27
2025-03-18 19:54:56,559 - custodian.policy - INFO - policy:ims-share-image resource:huaweicloud.ims region: count:1 time:0.01
2025-03-18 19:54:58,746 - custodian.huaweicloud.resources.ims - INFO - add_projects response status_code:200
2025-03-18 19:54:58,747 - custodian.policy - INFO - policy:ims-share-image action:setpermissions resources:1 execution_time:2.19
2025-03-18 19:55:27,827 - custodian.policy - INFO - policy:ims-share-image resource:huaweicloud.ims region: count:1 time:0.01
2025-03-18 19:55:29,890 - custodian.huaweicloud.resources.ims - INFO - remove_projects response status_code:200
2025-03-18 19:55:29,891 - custodian.policy - INFO - policy:ims-share-image action:setpermissions resources:1 execution_time:2.06
